This is pdfTeX, Version 3.14159265-2.6-1.40.18 (TeX Live 2017) (preloaded format=pdflatex 2018.1.17)  21 JUL 2018 13:45
entering extended mode
 restricted \write18 enabled.
 %&-line parsing enabled.
**NNrep.tex
(./NNrep.tex
LaTeX2e <2017-04-15>
Babel <3.16> and hyphenation patterns for 84 language(s) loaded.

(/usr/local/stow/TexLive2017/lib/TexLive2017/2017/texmf-dist/tex/latex/base/rep
ort.cls
Document Class: report 2014/09/29 v1.4h Standard LaTeX document class

(/usr/local/stow/TexLive2017/lib/TexLive2017/2017/texmf-dist/tex/latex/base/siz
e10.clo
File: size10.clo 2014/09/29 v1.4h Standard LaTeX file (size option)
)
\c@part=\count79
\c@chapter=\count80
\c@section=\count81
\c@subsection=\count82
\c@subsubsection=\count83
\c@paragraph=\count84
\c@subparagraph=\count85
\c@figure=\count86
\c@table=\count87
\abovecaptionskip=\skip41
\belowcaptionskip=\skip42
\bibindent=\dimen102
)
(/usr/local/stow/TexLive2017/lib/TexLive2017/2017/texmf-dist/tex/latex/amsfonts
/amssymb.sty
Package: amssymb 2013/01/14 v3.01 AMS font symbols

(/usr/local/stow/TexLive2017/lib/TexLive2017/2017/texmf-dist/tex/latex/amsfonts
/amsfonts.sty
Package: amsfonts 2013/01/14 v3.01 Basic AMSFonts support
\@emptytoks=\toks14
\symAMSa=\mathgroup4
\symAMSb=\mathgroup5
LaTeX Font Info:    Overwriting math alphabet `\mathfrak' in version `bold'
(Font)                  U/euf/m/n --> U/euf/b/n on input line 106.
))
(/usr/local/stow/TexLive2017/lib/TexLive2017/2017/texmf-dist/tex/latex/amsmath/
amsmath.sty
Package: amsmath 2017/09/02 v2.17a AMS math features
\@mathmargin=\skip43

For additional information on amsmath, use the `?' option.

(/usr/local/stow/TexLive2017/lib/TexLive2017/2017/texmf-dist/tex/latex/amsmath/
amstext.sty
Package: amstext 2000/06/29 v2.01 AMS text

(/usr/local/stow/TexLive2017/lib/TexLive2017/2017/texmf-dist/tex/latex/amsmath/
amsgen.sty
File: amsgen.sty 1999/11/30 v2.0 generic functions
\@emptytoks=\toks15
\ex@=\dimen103
))
(/usr/local/stow/TexLive2017/lib/TexLive2017/2017/texmf-dist/tex/latex/amsmath/
amsbsy.sty
Package: amsbsy 1999/11/29 v1.2d Bold Symbols
\pmbraise@=\dimen104
)
(/usr/local/stow/TexLive2017/lib/TexLive2017/2017/texmf-dist/tex/latex/amsmath/
amsopn.sty
Package: amsopn 2016/03/08 v2.02 operator names
)
\inf@bad=\count88
LaTeX Info: Redefining \frac on input line 213.
\uproot@=\count89
\leftroot@=\count90
LaTeX Info: Redefining \overline on input line 375.
\classnum@=\count91
\DOTSCASE@=\count92
LaTeX Info: Redefining \ldots on input line 472.
LaTeX Info: Redefining \dots on input line 475.
LaTeX Info: Redefining \cdots on input line 596.
\Mathstrutbox@=\box26
\strutbox@=\box27
\big@size=\dimen105
LaTeX Font Info:    Redeclaring font encoding OML on input line 712.
LaTeX Font Info:    Redeclaring font encoding OMS on input line 713.
\macc@depth=\count93
\c@MaxMatrixCols=\count94
\dotsspace@=\muskip10
\c@parentequation=\count95
\dspbrk@lvl=\count96
\tag@help=\toks16
\row@=\count97
\column@=\count98
\maxfields@=\count99
\andhelp@=\toks17
\eqnshift@=\dimen106
\alignsep@=\dimen107
\tagshift@=\dimen108
\tagwidth@=\dimen109
\totwidth@=\dimen110
\lineht@=\dimen111
\@envbody=\toks18
\multlinegap=\skip44
\multlinetaggap=\skip45
\mathdisplay@stack=\toks19
LaTeX Info: Redefining \[ on input line 2817.
LaTeX Info: Redefining \] on input line 2818.
)
(/usr/local/stow/TexLive2017/lib/TexLive2017/2017/texmf-dist/tex/latex/graphics
/color.sty
Package: color 2016/07/10 v1.1e Standard LaTeX Color (DPC)

(/usr/local/stow/TexLive2017/lib/TexLive2017/2017/texmf-dist/tex/latex/graphics
-cfg/color.cfg
File: color.cfg 2016/01/02 v1.6 sample color configuration
)
Package color Info: Driver file: pdftex.def on input line 147.

(/usr/local/stow/TexLive2017/lib/TexLive2017/2017/texmf-dist/tex/latex/graphics
-def/pdftex.def
File: pdftex.def 2018/01/08 v1.0l Graphics/color driver for pdftex
))
(/usr/local/stow/TexLive2017/lib/TexLive2017/2017/texmf-dist/tex/latex/tabu/tab
u.sty
Package: tabu 2011/02/26 v2.8 - flexible LaTeX tabulars (FC)

(/usr/local/stow/TexLive2017/lib/TexLive2017/2017/texmf-dist/tex/latex/tools/ar
ray.sty
Package: array 2016/10/06 v2.4d Tabular extension package (FMi)
\col@sep=\dimen112
\extrarowheight=\dimen113
\NC@list=\toks20
\extratabsurround=\skip46
\backup@length=\skip47
)
(/usr/local/stow/TexLive2017/lib/TexLive2017/2017/texmf-dist/tex/latex/varwidth
/varwidth.sty
Package: varwidth 2009/03/30 ver 0.92;  Variable-width minipages
\@vwid@box=\box28
\sift@deathcycles=\count100
\@vwid@loff=\dimen114
\@vwid@roff=\dimen115
)
\c@taburow=\count101
\tabu@nbcols=\count102
\tabu@cnt=\count103
\tabu@Xcol=\count104
\tabu@alloc=\count105
\tabu@nested=\count106
\tabu@target=\dimen116
\tabu@spreadtarget=\dimen117
\tabu@naturalX=\dimen118
\tabucolX=\dimen119
\tabu@Xsum=\dimen120
\extrarowdepth=\dimen121
\abovetabulinesep=\dimen122
\belowtabulinesep=\dimen123
\tabustrutrule=\dimen124
\tabu@thebody=\toks21
\tabu@footnotes=\toks22
\tabu@box=\box29
\tabu@arstrutbox=\box30
\tabu@hleads=\box31
\tabu@vleads=\box32
\tabu@cellskip=\skip48
)
(/usr/local/stow/TexLive2017/lib/TexLive2017/2017/texmf-dist/tex/latex/booktabs
/booktabs.sty
Package: booktabs 2016/04/27 v1.618033 publication quality tables
\heavyrulewidth=\dimen125
\lightrulewidth=\dimen126
\cmidrulewidth=\dimen127
\belowrulesep=\dimen128
\belowbottomsep=\dimen129
\aboverulesep=\dimen130
\abovetopsep=\dimen131
\cmidrulesep=\dimen132
\cmidrulekern=\dimen133
\defaultaddspace=\dimen134
\@cmidla=\count107
\@cmidlb=\count108
\@aboverulesep=\dimen135
\@belowrulesep=\dimen136
\@thisruleclass=\count109
\@lastruleclass=\count110
\@thisrulewidth=\dimen137
) (./NNrep.aux)
\openout1 = `NNrep.aux'.

LaTeX Font Info:    Checking defaults for OML/cmm/m/it on input line 8.
LaTeX Font Info:    ... okay on input line 8.
LaTeX Font Info:    Checking defaults for T1/cmr/m/n on input line 8.
LaTeX Font Info:    ... okay on input line 8.
LaTeX Font Info:    Checking defaults for OT1/cmr/m/n on input line 8.
LaTeX Font Info:    ... okay on input line 8.
LaTeX Font Info:    Checking defaults for OMS/cmsy/m/n on input line 8.
LaTeX Font Info:    ... okay on input line 8.
LaTeX Font Info:    Checking defaults for OMX/cmex/m/n on input line 8.
LaTeX Font Info:    ... okay on input line 8.
LaTeX Font Info:    Checking defaults for U/cmr/m/n on input line 8.
LaTeX Font Info:    ... okay on input line 8.

(/usr/local/stow/TexLive2017/lib/TexLive2017/2017/texmf-dist/tex/context/base/m
kii/supp-pdf.mkii
[Loading MPS to PDF converter (version 2006.09.02).]
\scratchcounter=\count111
\scratchdimen=\dimen138
\scratchbox=\box33
\nofMPsegments=\count112
\nofMParguments=\count113
\everyMPshowfont=\toks23
\MPscratchCnt=\count114
\MPscratchDim=\dimen139
\MPnumerator=\count115
\makeMPintoPDFobject=\count116
\everyMPtoPDFconversion=\toks24
) (./methods.tex
LaTeX Font Info:    Try loading font information for OMS+cmr on input line 6.

(/usr/local/stow/TexLive2017/lib/TexLive2017/2017/texmf-dist/tex/latex/base/oms
cmr.fd
File: omscmr.fd 2014/09/29 v2.5h Standard LaTeX font definitions
)
LaTeX Font Info:    Font shape `OMS/cmr/m/n' in size <10> not available
(Font)              Font shape `OMS/cmsy/m/n' tried instead on input line 6.
LaTeX Font Info:    Try loading font information for U+msa on input line 9.

(/usr/local/stow/TexLive2017/lib/TexLive2017/2017/texmf-dist/tex/latex/amsfonts
/umsa.fd
File: umsa.fd 2013/01/14 v3.01 AMS symbols A
)
LaTeX Font Info:    Try loading font information for U+msb on input line 9.

(/usr/local/stow/TexLive2017/lib/TexLive2017/2017/texmf-dist/tex/latex/amsfonts
/umsb.fd
File: umsb.fd 2013/01/14 v3.01 AMS symbols B
) [1

{/usr/local/stow/TexLive2017/lib/TexLive2017/2017/texmf-var/fonts/map/pdftex/up
dmap/pdftex.map}]) (./databases.tex
Overfull \hbox (52.15384pt too wide) in paragraph at lines 24--25
[]\OT1/cmr/bx/n/10 folder = rotamersdata/DBres30apix-1\OT1/cmr/m/n/10 , \OT1/cm
r/bx/n/10 script = cre-ate[]db[]res3[]apix[]var.py\OT1/cmr/m/n/10 .
 []


Overfull \hbox (132.2101pt too wide) in paragraph at lines 26--27
[]\OT1/cmr/bx/n/10 folder = rotamersdata/DBres30apix-1norm01\OT1/cmr/m/n/10 , \
OT1/cmr/bx/n/10 script = cre-ate[]db[]res3[]apix[]var[]norm01.py\OT1/cmr/m/n/10
 .
 []


Underfull \hbox (badness 10000) in paragraph at lines 47--47
[]\OT1/cmr/m/n/10 beta-galactosidase, VAL-I-DA-TION,
 []


Underfull \hbox (badness 10000) in paragraph at lines 47--47
[]\OT1/cmr/m/n/10 rhinovirus, PROB-LEM-ATIC
 []

[2]
Overfull \hbox (14.15787pt too wide) in paragraph at lines 52--54
[]\OT1/cmr/bx/n/10 folder =data/cryoEM/DB0023classnoaug\OT1/cmr/m/n/10 , \OT1/c
mr/bx/n/10 script db0023classnoaug\OT1/cmr/m/n/10 .
 []

) [3] (./NNrep.aux) ) 
Here is how much of TeX's memory you used:
 2506 strings out of 492980
 33018 string characters out of 6120869
 96194 words of memory out of 5000000
 6080 multiletter control sequences out of 15000+600000
 6857 words of font info for 27 fonts, out of 8000000 for 9000
 1141 hyphenation exceptions out of 8191
 27i,13n,26p,425b,386s stack positions out of 5000i,500n,10000p,200000b,80000s
</usr/local/stow/TexLive2017/lib/TexLive2017/2017/texmf-di
st/fonts/type1/public/amsfonts/cm/cmbx10.pfb></usr/local/stow/TexLive2017/lib/T
exLive2017/2017/texmf-dist/fonts/type1/public/amsfonts/cm/cmbx12.pfb></usr/loca
l/stow/TexLive2017/lib/TexLive2017/2017/texmf-dist/fonts/type1/public/amsfonts/
cm/cmmi10.pfb></usr/local/stow/TexLive2017/lib/TexLive2017/2017/texmf-dist/font
s/type1/public/amsfonts/cm/cmr10.pfb></usr/local/stow/TexLive2017/lib/TexLive20
17/2017/texmf-dist/fonts/type1/public/amsfonts/cm/cmsy10.pfb>
Output written on NNrep.pdf (3 pages, 77541 bytes).
PDF statistics:
 34 PDF objects out of 1000 (max. 8388607)
 23 compressed objects within 1 object stream
 0 named destinations out of 1000 (max. 500000)
 1 words of extra memory for PDF output out of 10000 (max. 10000000)

